0:0:0:0:0:0:0:1 - - [28/Jun/2021:16:56:40 +0530] "GET /students HTTP/1.1" 200 12
0:0:0:0:0:0:0:1 - - [28/Jun/2021:16:56:41 +0530] "GET /favicon.ico HTTP/1.1" 404 144
0:0:0:0:0:0:0:1 - - [28/Jun/2021:16:56:51 +0530] "GET /student/students HTTP/1.1" 404 306
0:0:0:0:0:0:0:1 - - [28/Jun/2021:16:56:58 +0530] "GET /students HTTP/1.1" 200 12
0:0:0:0:0:0:0:1 - - [28/Jun/2021:16:59:10 +0530] "GET /students HTTP/1.1" 200 95
0:0:0:0:0:0:0:1 - - [28/Jun/2021:17:01:02 +0530] "POST /students/create HTTP/1.1" 200 53
0:0:0:0:0:0:0:1 - - [28/Jun/2021:17:01:08 +0530] "GET /students HTTP/1.1" 200 138
0:0:0:0:0:0:0:1 - - [28/Jun/2021:17:01:19 +0530] "GET /students/id/2 HTTP/1.1" 200 51
0:0:0:0:0:0:0:1 - - [28/Jun/2021:17:01:29 +0530] "GET /students/name/Keysha HTTP/1.1" 200 52
0:0:0:0:0:0:0:1 - - [28/Jun/2021:17:04:03 +0530] "POST /students/update HTTP/1.1" 405 172
0:0:0:0:0:0:0:1 - - [28/Jun/2021:17:04:10 +0530] "GET /students/name/Keysha HTTP/1.1" 200 52
0:0:0:0:0:0:0:1 - - [28/Jun/2021:17:04:21 +0530] "GET /students/id/1 HTTP/1.1" 200 52
0:0:0:0:0:0:0:1 - - [28/Jun/2021:17:04:50 +0530] "POST /students/update HTTP/1.1" 405 172
0:0:0:0:0:0:0:1 - - [28/Jun/2021:17:05:18 +0530] "PUT /students/update HTTP/1.1" 200 58
0:0:0:0:0:0:0:1 - - [28/Jun/2021:17:05:30 +0530] "GET /students/id/1 HTTP/1.1" 200 58
0:0:0:0:0:0:0:1 - - [28/Jun/2021:17:05:36 +0530] "GET /students/name/Keysha HTTP/1.1" 200 -
0:0:0:0:0:0:0:1 - - [28/Jun/2021:17:05:42 +0530] "GET /students/name/Keysha%20Dhall HTTP/1.1" 200 58
0:0:0:0:0:0:0:1 - - [28/Jun/2021:17:06:40 +0530] "DELETE /students/delete HTTP/1.1" 200 23
0:0:0:0:0:0:0:1 - - [28/Jun/2021:17:07:25 +0530] "GET /students HTTP/1.1" 200 101
0:0:0:0:0:0:0:1 - - [28/Jun/2021:17:50:42 +0530] "GET /students HTTP/1.1" 200 95
0:0:0:0:0:0:0:1 - - [28/Jun/2021:17:52:33 +0530] "GET /students/id/1 HTTP/1.1" 200 52
0:0:0:0:0:0:0:1 - - [28/Jun/2021:17:54:04 +0530] "GET /students/id/2 HTTP/1.1" 200 51
0:0:0:0:0:0:0:1 - - [28/Jun/2021:18:08:05 +0530] "GET /students/id/2 HTTP/1.1" 200 51
0:0:0:0:0:0:0:1 - - [28/Jun/2021:18:14:38 +0530] "GET /students/id/2 HTTP/1.1" 200 51
0:0:0:0:0:0:0:1 - - [28/Jun/2021:18:19:13 +0530] "GET /students/id/1 HTTP/1.1" 500 361
0:0:0:0:0:0:0:1 - - [28/Jun/2021:18:20:41 +0530] "GET /students HTTP/1.1" 200 95
0:0:0:0:0:0:0:1 - - [28/Jun/2021:18:20:50 +0530] "GET /students/name/Keysha HTTP/1.1" 200 52
0:0:0:0:0:0:0:1 - - [28/Jun/2021:18:21:01 +0530] "GET /students/id/1 HTTP/1.1" 500 361
0:0:0:0:0:0:0:1 - - [28/Jun/2021:18:23:36 +0530] "GET /students HTTP/1.1" 200 95
0:0:0:0:0:0:0:1 - - [28/Jun/2021:18:28:14 +0530] "GET /students/id/1 HTTP/1.1" 500 361
0:0:0:0:0:0:0:1 - - [28/Jun/2021:18:30:04 +0530] "POST /students/create HTTP/1.1" 500 492
0:0:0:0:0:0:0:1 - - [28/Jun/2021:18:31:19 +0530] "POST /students/create HTTP/1.1" 500 492
0:0:0:0:0:0:0:1 - - [28/Jun/2021:18:36:18 +0530] "POST /students/create HTTP/1.1" 200 52
0:0:0:0:0:0:0:1 - - [28/Jun/2021:18:37:30 +0530] "GET /students/id/1 HTTP/1.1" 500 361
0:0:0:0:0:0:0:1 - - [28/Jun/2021:18:37:45 +0530] "GET /students/id/5 HTTP/1.1" 500 361
0:0:0:0:0:0:0:1 - - [28/Jun/2021:18:41:28 +0530] "GET /students/name/Nitara HTTP/1.1" 200 52
0:0:0:0:0:0:0:1 - - [28/Jun/2021:18:49:54 +0530] "DELETE /students/delete HTTP/1.1" 200 23
0:0:0:0:0:0:0:1 - - [28/Jun/2021:18:50:48 +0530] "GET /students/id/1 HTTP/1.1" 500 361
0:0:0:0:0:0:0:1 - - [28/Jun/2021:18:53:10 +0530] "GET /students/id/1 HTTP/1.1" 500 361
0:0:0:0:0:0:0:1 - - [28/Jun/2021:18:53:44 +0530] "GET /students/id/1 HTTP/1.1" 500 361
0:0:0:0:0:0:0:1 - - [28/Jun/2021:18:55:43 +0530] "GET /students/id/1 HTTP/1.1" 500 361
0:0:0:0:0:0:0:1 - - [28/Jun/2021:19:06:07 +0530] "GET /students/id/1 HTTP/1.1" 500 361
0:0:0:0:0:0:0:1 - - [28/Jun/2021:19:06:58 +0530] "POST /students/create HTTP/1.1" 200 52
0:0:0:0:0:0:0:1 - - [28/Jun/2021:19:07:36 +0530] "GET /students/id/3 HTTP/1.1" 500 361
0:0:0:0:0:0:0:1 - - [28/Jun/2021:19:12:05 +0530] "GET /students/id/3 HTTP/1.1" 200 53
0:0:0:0:0:0:0:1 - - [28/Jun/2021:19:14:11 +0530] "GET /students/id/3 HTTP/1.1" 500 361
0:0:0:0:0:0:0:1 - - [28/Jun/2021:19:18:40 +0530] "GET /students/id/1 HTTP/1.1" 200 52
